<?xml version="1.0" encoding="UTF-8"?>
<testng-results skipped="0" failed="0" total="2" passed="2">
  <reporter-output>
  </reporter-output>
  <suite name="Default suite" duration-ms="19439" started-at="2020-04-23T12:58:51Z" finished-at="2020-04-23T12:59:10Z">
    <groups>
    </groups>
    <test name="Default test" duration-ms="19439" started-at="2020-04-23T12:58:51Z" finished-at="2020-04-23T12:59:10Z">
      <class name="AmericanCapitalTestScripts.ValidateHomePage">
        <test-method status="PASS" signature="Contact()[pri:0, instance:AmericanCapitalTestScripts.ValidateHomePage@5afa04c]" name="Contact" is-config="true" duration-ms="18226" started-at="2020-04-23T08:58:51Z" finished-at="2020-04-23T08:59:09Z">
          <reporter-output>
          </reporter-output>
        </test-method> <!-- Contact -->
        <test-method status="PASS" signature="ValidateTitle()[pri:0, instance:AmericanCapitalTestScripts.ValidateHomePage@5afa04c]" name="ValidateTitle" duration-ms="18" started-at="2020-04-23T08:59:09Z" finished-at="2020-04-23T08:59:09Z">
          <reporter-output>
          </reporter-output>
        </test-method> <!-- ValidateTitle -->
        <test-method status="PASS" signature="ValidateURL()[pri:0, instance:AmericanCapitalTestScripts.ValidateHomePage@5afa04c]" name="ValidateURL" duration-ms="12" started-at="2020-04-23T08:59:09Z" finished-at="2020-04-23T08:59:09Z">
          <reporter-output>
          </reporter-output>
        </test-method> <!-- ValidateURL -->
        <test-method status="PASS" signature="CloseTest()[pri:0, instance:AmericanCapitalTestScripts.ValidateHomePage@5afa04c]" name="CloseTest" is-config="true" duration-ms="1164" started-at="2020-04-23T08:59:09Z" finished-at="2020-04-23T08:59:10Z">
          <reporter-output>
          </reporter-output>
        </test-method> <!-- CloseTest -->
      </class> <!-- AmericanCapitalTestScripts.ValidateHomePage -->
    </test> <!-- Default test -->
  </suite> <!-- Default suite -->
</testng-results>
